Build started 12/17/2014 5:36:31 PM.
     1>Project "C:\Users\charles\Documents\Visual Studio 2013\Projects\Project 7\Project 7\Project 7.vcxproj" on node 2 (Build target(s)).
     1>ClCompile:
         C:\Program Files (x86)\Microsoft Visual Studio 12.0\VC\bin\CL.exe /c /ZI /nologo /W3 /WX- /sdl /Od /Oy- /D _MBCS /Gm /EHsc /RTC1 /MDd /GS /fp:precise /Zc:wchar_t /Zc:forScope /Fo"Debug\\" /Fd"Debug\vc120.pdb" /Gd /TP /analyze- /errorReport:prompt Graph.cpp main.cpp
         Graph.cpp
     1>c:\users\charles\documents\visual studio 2013\projects\project 7\project 7\graph.cpp(20): warning C4018: '<' : signed/unsigned mismatch
     1>c:\users\charles\documents\visual studio 2013\projects\project 7\project 7\graph.cpp(25): warning C4018: '<' : signed/unsigned mismatch
     1>c:\users\charles\documents\visual studio 2013\projects\project 7\project 7\graph.cpp(32): warning C4018: '<' : signed/unsigned mismatch
     1>c:\users\charles\documents\visual studio 2013\projects\project 7\project 7\graph.cpp(34): warning C4018: '<' : signed/unsigned mismatch
     1>c:\users\charles\documents\visual studio 2013\projects\project 7\project 7\graph.cpp(50): warning C4018: '<' : signed/unsigned mismatch
     1>c:\users\charles\documents\visual studio 2013\projects\project 7\project 7\graph.cpp(65): warning C4018: '<' : signed/unsigned mismatch
     1>c:\users\charles\documents\visual studio 2013\projects\project 7\project 7\graph.cpp(81): warning C4018: '<' : signed/unsigned mismatch
     1>c:\users\charles\documents\visual studio 2013\projects\project 7\project 7\graph.cpp(93): warning C4018: '<' : signed/unsigned mismatch
     1>c:\users\charles\documents\visual studio 2013\projects\project 7\project 7\graph.cpp(106): warning C4018: '<' : signed/unsigned mismatch
     1>c:\users\charles\documents\visual studio 2013\projects\project 7\project 7\graph.cpp(108): warning C4018: '<' : signed/unsigned mismatch
     1>c:\users\charles\documents\visual studio 2013\projects\project 7\project 7\graph.cpp(118): warning C4018: '<' : signed/unsigned mismatch
         Generating Code...
         Compiling...
         main.cpp
         Generating Code...
       Link:
         C:\Program Files (x86)\Microsoft Visual Studio 12.0\VC\bin\link.exe /ERRORREPORT:PROMPT /OUT:"C:\Users\charles\Documents\Visual Studio 2013\Projects\Project 7\Debug\Project 7.exe" /INCREMENTAL /NOLOGO kernel32.lib user32.lib gdi32.lib winspool.lib comdlg32.lib advapi32.lib shell32.lib ole32.lib oleaut32.lib uuid.lib odbc32.lib odbccp32.lib /MANIFEST /MANIFESTUAC:"level='asInvoker' uiAccess='false'" /manifest:embed /DEBUG /PDB:"C:\Users\charles\Documents\Visual Studio 2013\Projects\Project 7\Debug\Project 7.pdb" /TLBID:1 /DYNAMICBASE /NXCOMPAT /IMPLIB:"C:\Users\charles\Documents\Visual Studio 2013\Projects\Project 7\Debug\Project 7.lib" /MACHINE:X86 Debug\Graph.obj
         Debug\main.obj
         Debug\Node.obj
         Project 7.vcxproj -> C:\Users\charles\Documents\Visual Studio 2013\Projects\Project 7\Debug\Project 7.exe
     1>Done Building Project "C:\Users\charles\Documents\Visual Studio 2013\Projects\Project 7\Project 7\Project 7.vcxproj" (Build target(s)).

Build succeeded.

Time Elapsed 00:00:01.48
